<?xml version="1.0" encoding="UTF-8"?>
<testsuite xmlns:xsi="http://www.w3.org/2001/XMLSchema-instance" xsi:noNamespaceSchemaLocation="https://maven.apache.org/surefire/maven-surefire-plugin/xsd/surefire-test-report-3.0.xsd" version="3.0" name="com.archerdb.sdktests.AllOperationsTest" time="0.339" tests="79" errors="0" skipped="0" failures="0">
  <properties>
[...]
</properties>
  <testcase name="testQueryLatest(TestCase)[1]" classname="com.archerdb.sdktests.AllOperationsTest" time="0.059"/>
  <testcase name="testQueryLatest(TestCase)[2]" classname="com.archerdb.sdktests.AllOperationsTest" time="0.002"/>
  <testcase name="testQueryLatest(TestCase)[3]" classname="com.archerdb.sdktests.AllOperationsTest" time="0.002"/>
  <testcase name="testQueryLatest(TestCase)[4]" classname="com.archerdb.sdktests.AllOperationsTest" time="0.002"/>
  <testcase name="testQueryLatest(TestCase)[5]" classname="com.archerdb.sdktests.AllOperationsTest" time="0.001"/>
  <testcase name="testQueryRadius(TestCase)[1]" classname="com.archerdb.sdktests.AllOperationsTest" time="0.002"/>
  <testcase name="testQueryRadius(TestCase)[2]" classname="com.archerdb.sdktests.AllOperationsTest" time="0.002"/>
  <testcase name="testQueryRadius(TestCase)[3]" classname="com.archerdb.sdktests.AllOperationsTest" time="0.001"/>
  <testcase name="testQueryRadius(TestCase)[4]" classname="com.archerdb.sdktests.AllOperationsTest" time="0.001"/>
  <testcase name="testQueryRadius(TestCase)[5]" classname="com.archerdb.sdktests.AllOperationsTest" time="0.0"/>
  <testcase name="testQueryRadius(TestCase)[6]" classname="com.archerdb.sdktests.AllOperationsTest" time="0.001"/>
  <testcase name="testQueryRadius(TestCase)[7]" classname="com.archerdb.sdktests.AllOperationsTest" time="0.0"/>
  <testcase name="testQueryRadius(TestCase)[8]" classname="com.archerdb.sdktests.AllOperationsTest" time="0.001"/>
  <testcase name="testQueryRadius(TestCase)[9]" classname="com.archerdb.sdktests.AllOperationsTest" time="0.0"/>
  <testcase name="testQueryRadius(TestCase)[10]" classname="com.archerdb.sdktests.AllOperationsTest" time="0.001"/>
  <testcase name="testPing(TestCase)[1]" classname="com.archerdb.sdktests.AllOperationsTest" time="0.002"/>
  <testcase name="testPing(TestCase)[2]" classname="com.archerdb.sdktests.AllOperationsTest" time="0.0"/>
  <testcase name="testQueryUuid(TestCase)[1]" classname="com.archerdb.sdktests.AllOperationsTest" time="0.002"/>
  <testcase name="testQueryUuid(TestCase)[2]" classname="com.archerdb.sdktests.AllOperationsTest" time="0.001"/>
  <testcase name="testQueryUuid(TestCase)[3]" classname="com.archerdb.sdktests.AllOperationsTest" time="0.0"/>
  <testcase name="testQueryUuid(TestCase)[4]" classname="com.archerdb.sdktests.AllOperationsTest" time="0.001"/>
  <testcase name="testTtlClear(TestCase)[1]" classname="com.archerdb.sdktests.AllOperationsTest" time="0.001"/>
  <testcase name="testTtlClear(TestCase)[2]" classname="com.archerdb.sdktests.AllOperationsTest" time="0.001"/>
  <testcase name="testTtlClear(TestCase)[3]" classname="com.archerdb.sdktests.AllOperationsTest" time="0.001"/>
  <testcase name="testTtlClear(TestCase)[4]" classname="com.archerdb.sdktests.AllOperationsTest" time="0.001"/>
  <testcase name="testTopology(TestCase)[1]" classname="com.archerdb.sdktests.AllOperationsTest" time="0.002"/>
  <testcase name="testTopology(TestCase)[2]" classname="com.archerdb.sdktests.AllOperationsTest" time="0.0"/>
  <testcase name="testTopology(TestCase)[3]" classname="com.archerdb.sdktests.AllOperationsTest" time="0.001"/>
  <testcase name="testTopology(TestCase)[4]" classname="com.archerdb.sdktests.AllOperationsTest" time="0.0"/>
  <testcase name="testTopology(TestCase)[5]" classname="com.archerdb.sdktests.AllOperationsTest" time="0.001"/>
  <testcase name="testTopology(TestCase)[6]" classname="com.archerdb.sdktests.AllOperationsTest" time="0.001"/>
  <testcase name="testTtlExtend(TestCase)[1]" classname="com.archerdb.sdktests.AllOperationsTest" time="0.001"/>
  <testcase name="testTtlExtend(TestCase)[2]" classname="com.archerdb.sdktests.AllOperationsTest" time="0.001"/>
  <testcase name="testTtlExtend(TestCase)[3]" classname="com.archerdb.sdktests.AllOperationsTest" time="0.001"/>
  <testcase name="testTtlExtend(TestCase)[4]" classname="com.archerdb.sdktests.AllOperationsTest" time="0.001"/>
  <testcase name="testDelete(TestCase)[1]" classname="com.archerdb.sdktests.AllOperationsTest" time="0.002"/>
  <testcase name="testDelete(TestCase)[2]" classname="com.archerdb.sdktests.AllOperationsTest" time="0.001"/>
  <testcase name="testDelete(TestCase)[3]" classname="com.archerdb.sdktests.AllOperationsTest" time="0.001"/>
  <testcase name="testDelete(TestCase)[4]" classname="com.archerdb.sdktests.AllOperationsTest" time="0.001"/>
  <testcase name="testQueryUuidBatch(TestCase)[1]" classname="com.archerdb.sdktests.AllOperationsTest" time="0.001"/>
  <testcase name="testQueryUuidBatch(TestCase)[2]" classname="com.archerdb.sdktests.AllOperationsTest" time="0.001"/>
  <testcase name="testQueryUuidBatch(TestCase)[3]" classname="com.archerdb.sdktests.AllOperationsTest" time="0.001"/>
  <testcase name="testQueryUuidBatch(TestCase)[4]" classname="com.archerdb.sdktests.AllOperationsTest" time="0.0"/>
  <testcase name="testQueryUuidBatch(TestCase)[5]" classname="com.archerdb.sdktests.AllOperationsTest" time="0.001"/>
  <testcase name="testInsert(TestCase)[1]" classname="com.archerdb.sdktests.AllOperationsTest" time="0.002"/>
  <testcase name="testInsert(TestCase)[2]" classname="com.archerdb.sdktests.AllOperationsTest" time="0.001"/>
  <testcase name="testInsert(TestCase)[3]" classname="com.archerdb.sdktests.AllOperationsTest" time="0.009"/>
  <testcase name="testInsert(TestCase)[4]" classname="com.archerdb.sdktests.AllOperationsTest" time="0.001"/>
  <testcase name="testInsert(TestCase)[5]" classname="com.archerdb.sdktests.AllOperationsTest" time="0.0"/>
  <testcase name="testInsert(TestCase)[6]" classname="com.archerdb.sdktests.AllOperationsTest" time="0.001"/>
  <testcase name="testInsert(TestCase)[7]" classname="com.archerdb.sdktests.AllOperationsTest" time="0.001"/>
  <testcase name="testInsert(TestCase)[8]" classname="com.archerdb.sdktests.AllOperationsTest" time="0.0"/>
  <testcase name="testInsert(TestCase)[9]" classname="com.archerdb.sdktests.AllOperationsTest" time="0.001"/>
  <testcase name="testInsert(TestCase)[10]" classname="com.archerdb.sdktests.AllOperationsTest" time="0.001"/>
  <testcase name="testInsert(TestCase)[11]" classname="com.archerdb.sdktests.AllOperationsTest" time="0.001"/>
  <testcase name="testInsert(TestCase)[12]" classname="com.archerdb.sdktests.AllOperationsTest" time="0.001"/>
  <testcase name="testInsert(TestCase)[13]" classname="com.archerdb.sdktests.AllOperationsTest" time="0.001"/>
  <testcase name="testInsert(TestCase)[14]" classname="com.archerdb.sdktests.AllOperationsTest" time="0.001"/>
  <testcase name="testStatus(TestCase)[1]" classname="com.archerdb.sdktests.AllOperationsTest" time="0.002"/>
  <testcase name="testStatus(TestCase)[2]" classname="com.archerdb.sdktests.AllOperationsTest" time="0.001"/>
  <testcase name="testStatus(TestCase)[3]" classname="com.archerdb.sdktests.AllOperationsTest" time="0.001"/>
  <testcase name="testTtlSet(TestCase)[1]" classname="com.archerdb.sdktests.AllOperationsTest" time="0.001"/>
  <testcase name="testTtlSet(TestCase)[2]" classname="com.archerdb.sdktests.AllOperationsTest" time="0.001"/>
  <testcase name="testTtlSet(TestCase)[3]" classname="com.archerdb.sdktests.AllOperationsTest" time="0.001"/>
  <testcase name="testTtlSet(TestCase)[4]" classname="com.archerdb.sdktests.AllOperationsTest" time="0.0"/>
  <testcase name="testTtlSet(TestCase)[5]" classname="com.archerdb.sdktests.AllOperationsTest" time="0.001"/>
  <testcase name="testUpsert(TestCase)[1]" classname="com.archerdb.sdktests.AllOperationsTest" time="0.002"/>
  <testcase name="testUpsert(TestCase)[2]" classname="com.archerdb.sdktests.AllOperationsTest" time="0.001"/>
  <testcase name="testUpsert(TestCase)[3]" classname="com.archerdb.sdktests.AllOperationsTest" time="0.0"/>
  <testcase name="testUpsert(TestCase)[4]" classname="com.archerdb.sdktests.AllOperationsTest" time="0.001"/>
  <testcase name="testQueryPolygon(TestCase)[1]" classname="com.archerdb.sdktests.AllOperationsTest" time="0.001"/>
  <testcase name="testQueryPolygon(TestCase)[2]" classname="com.archerdb.sdktests.AllOperationsTest" time="0.001"/>
  <testcase name="testQueryPolygon(TestCase)[3]" classname="com.archerdb.sdktests.AllOperationsTest" time="0.001"/>
  <testcase name="testQueryPolygon(TestCase)[4]" classname="com.archerdb.sdktests.AllOperationsTest" time="0.001"/>
  <testcase name="testQueryPolygon(TestCase)[5]" classname="com.archerdb.sdktests.AllOperationsTest" time="0.001"/>
  <testcase name="testQueryPolygon(TestCase)[6]" classname="com.archerdb.sdktests.AllOperationsTest" time="0.001"/>
  <testcase name="testQueryPolygon(TestCase)[7]" classname="com.archerdb.sdktests.AllOperationsTest" time="0.001"/>
  <testcase name="testQueryPolygon(TestCase)[8]" classname="com.archerdb.sdktests.AllOperationsTest" time="0.001"/>
  <testcase name="testQueryPolygon(TestCase)[9]" classname="com.archerdb.sdktests.AllOperationsTest" time="0.001"/>
</testsuite>