<?xml version="1.0" encoding="UTF-8"?>
<testsuite xmlns:xsi="http://www.w3.org/2001/XMLSchema-instance" xsi:noNamespaceSchemaLocation="https://maven.apache.org/surefire/maven-surefire-plugin/xsd/surefire-test-report-3.0.xsd" version="3.0" name="com.archerdb.sdktests.AllOperationsTest" time="8.051" tests="79" errors="0" skipped="0" failures="0">
  <properties>
[...]
</properties>
  <testcase name="testQueryLatest(TestCase)[1]" classname="com.archerdb.sdktests.AllOperationsTest" time="0.655"/>
  <testcase name="testQueryLatest(TestCase)[2]" classname="com.archerdb.sdktests.AllOperationsTest" time="0.041"/>
  <testcase name="testQueryLatest(TestCase)[3]" classname="com.archerdb.sdktests.AllOperationsTest" time="0.026"/>
  <testcase name="testQueryLatest(TestCase)[4]" classname="com.archerdb.sdktests.AllOperationsTest" time="0.021"/>
  <testcase name="testQueryLatest(TestCase)[5]" classname="com.archerdb.sdktests.AllOperationsTest" time="0.035"/>
  <testcase name="testQueryRadius(TestCase)[1]" classname="com.archerdb.sdktests.AllOperationsTest" time="0.064"/>
  <testcase name="testQueryRadius(TestCase)[2]" classname="com.archerdb.sdktests.AllOperationsTest" time="0.032"/>
  <testcase name="testQueryRadius(TestCase)[3]" classname="com.archerdb.sdktests.AllOperationsTest" time="0.063"/>
  <testcase name="testQueryRadius(TestCase)[4]" classname="com.archerdb.sdktests.AllOperationsTest" time="0.046"/>
  <testcase name="testQueryRadius(TestCase)[5]" classname="com.archerdb.sdktests.AllOperationsTest" time="0.096"/>
  <testcase name="testQueryRadius(TestCase)[6]" classname="com.archerdb.sdktests.AllOperationsTest" time="0.046"/>
  <testcase name="testQueryRadius(TestCase)[7]" classname="com.archerdb.sdktests.AllOperationsTest" time="0.039"/>
  <testcase name="testQueryRadius(TestCase)[8]" classname="com.archerdb.sdktests.AllOperationsTest" time="0.035"/>
  <testcase name="testQueryRadius(TestCase)[9]" classname="com.archerdb.sdktests.AllOperationsTest" time="0.077"/>
  <testcase name="testQueryRadius(TestCase)[10]" classname="com.archerdb.sdktests.AllOperationsTest" time="0.085"/>
  <testcase name="testPing(TestCase)[1]" classname="com.archerdb.sdktests.AllOperationsTest" time="0.014"/>
  <testcase name="testPing(TestCase)[2]" classname="com.archerdb.sdktests.AllOperationsTest" time="0.007"/>
  <testcase name="testQueryUuid(TestCase)[1]" classname="com.archerdb.sdktests.AllOperationsTest" time="0.009"/>
  <testcase name="testQueryUuid(TestCase)[2]" classname="com.archerdb.sdktests.AllOperationsTest" time="0.034"/>
  <testcase name="testQueryUuid(TestCase)[3]" classname="com.archerdb.sdktests.AllOperationsTest" time="0.01"/>
  <testcase name="testQueryUuid(TestCase)[4]" classname="com.archerdb.sdktests.AllOperationsTest" time="0.014"/>
  <testcase name="testTtlClear(TestCase)[1]" classname="com.archerdb.sdktests.AllOperationsTest" time="0.01"/>
  <testcase name="testTtlClear(TestCase)[2]" classname="com.archerdb.sdktests.AllOperationsTest" time="0.014"/>
  <testcase name="testTtlClear(TestCase)[3]" classname="com.archerdb.sdktests.AllOperationsTest" time="0.021"/>
  <testcase name="testTtlClear(TestCase)[4]" classname="com.archerdb.sdktests.AllOperationsTest" time="5.02"/>
  <testcase name="testTopology(TestCase)[1]" classname="com.archerdb.sdktests.AllOperationsTest" time="0.021"/>
  <testcase name="testTopology(TestCase)[2]" classname="com.archerdb.sdktests.AllOperationsTest" time="0.011"/>
  <testcase name="testTopology(TestCase)[3]" classname="com.archerdb.sdktests.AllOperationsTest" time="0.01"/>
  <testcase name="testTopology(TestCase)[4]" classname="com.archerdb.sdktests.AllOperationsTest" time="0.008"/>
  <testcase name="testTopology(TestCase)[5]" classname="com.archerdb.sdktests.AllOperationsTest" time="0.015"/>
  <testcase name="testTopology(TestCase)[6]" classname="com.archerdb.sdktests.AllOperationsTest" time="0.011"/>
  <testcase name="testTtlExtend(TestCase)[1]" classname="com.archerdb.sdktests.AllOperationsTest" time="0.013"/>
  <testcase name="testTtlExtend(TestCase)[2]" classname="com.archerdb.sdktests.AllOperationsTest" time="0.017"/>
  <testcase name="testTtlExtend(TestCase)[3]" classname="com.archerdb.sdktests.AllOperationsTest" time="0.019"/>
  <testcase name="testTtlExtend(TestCase)[4]" classname="com.archerdb.sdktests.AllOperationsTest" time="0.023"/>
  <testcase name="testDelete(TestCase)[1]" classname="com.archerdb.sdktests.AllOperationsTest" time="0.02"/>
  <testcase name="testDelete(TestCase)[2]" classname="com.archerdb.sdktests.AllOperationsTest" time="0.01"/>
  <testcase name="testDelete(TestCase)[3]" classname="com.archerdb.sdktests.AllOperationsTest" time="0.018"/>
  <testcase name="testDelete(TestCase)[4]" classname="com.archerdb.sdktests.AllOperationsTest" time="0.011"/>
  <testcase name="testQueryUuidBatch(TestCase)[1]" classname="com.archerdb.sdktests.AllOperationsTest" time="0.026"/>
  <testcase name="testQueryUuidBatch(TestCase)[2]" classname="com.archerdb.sdktests.AllOperationsTest" time="0.027"/>
  <testcase name="testQueryUuidBatch(TestCase)[3]" classname="com.archerdb.sdktests.AllOperationsTest" time="0.015"/>
  <testcase name="testQueryUuidBatch(TestCase)[4]" classname="com.archerdb.sdktests.AllOperationsTest" time="0.012"/>
  <testcase name="testQueryUuidBatch(TestCase)[5]" classname="com.archerdb.sdktests.AllOperationsTest" time="0.016"/>
  <testcase name="testInsert(TestCase)[1]" classname="com.archerdb.sdktests.AllOperationsTest" time="0.027"/>
  <testcase name="testInsert(TestCase)[2]" classname="com.archerdb.sdktests.AllOperationsTest" time="0.016"/>
  <testcase name="testInsert(TestCase)[3]" classname="com.archerdb.sdktests.AllOperationsTest" time="0.03"/>
  <testcase name="testInsert(TestCase)[4]" classname="com.archerdb.sdktests.AllOperationsTest" time="0.026"/>
  <testcase name="testInsert(TestCase)[5]" classname="com.archerdb.sdktests.AllOperationsTest" time="0.019"/>
  <testcase name="testInsert(TestCase)[6]" classname="com.archerdb.sdktests.AllOperationsTest" time="0.028"/>
  <testcase name="testInsert(TestCase)[7]" classname="com.archerdb.sdktests.AllOperationsTest" time="0.018"/>
  <testcase name="testInsert(TestCase)[8]" classname="com.archerdb.sdktests.AllOperationsTest" time="0.027"/>
  <testcase name="testInsert(TestCase)[9]" classname="com.archerdb.sdktests.AllOperationsTest" time="0.026"/>
  <testcase name="testInsert(TestCase)[10]" classname="com.archerdb.sdktests.AllOperationsTest" time="0.013"/>
  <testcase name="testInsert(TestCase)[11]" classname="com.archerdb.sdktests.AllOperationsTest" time="0.007"/>
  <testcase name="testInsert(TestCase)[12]" classname="com.archerdb.sdktests.AllOperationsTest" time="0.016"/>
  <testcase name="testInsert(TestCase)[13]" classname="com.archerdb.sdktests.AllOperationsTest" time="0.017"/>
  <testcase name="testInsert(TestCase)[14]" classname="com.archerdb.sdktests.AllOperationsTest" time="0.026"/>
  <testcase name="testStatus(TestCase)[1]" classname="com.archerdb.sdktests.AllOperationsTest" time="0.016"/>
  <testcase name="testStatus(TestCase)[2]" classname="com.archerdb.sdktests.AllOperationsTest" time="0.017"/>
  <testcase name="testStatus(TestCase)[3]" classname="com.archerdb.sdktests.AllOperationsTest" time="0.01"/>
  <testcase name="testTtlSet(TestCase)[1]" classname="com.archerdb.sdktests.AllOperationsTest" time="0.013"/>
  <testcase name="testTtlSet(TestCase)[2]" classname="com.archerdb.sdktests.AllOperationsTest" time="0.016"/>
  <testcase name="testTtlSet(TestCase)[3]" classname="com.archerdb.sdktests.AllOperationsTest" time="0.014"/>
  <testcase name="testTtlSet(TestCase)[4]" classname="com.archerdb.sdktests.AllOperationsTest" time="0.021"/>
  <testcase name="testTtlSet(TestCase)[5]" classname="com.archerdb.sdktests.AllOperationsTest" time="0.029"/>
  <testcase name="testUpsert(TestCase)[1]" classname="com.archerdb.sdktests.AllOperationsTest" time="0.018"/>
  <testcase name="testUpsert(TestCase)[2]" classname="com.archerdb.sdktests.AllOperationsTest" time="0.024"/>
  <testcase name="testUpsert(TestCase)[3]" classname="com.archerdb.sdktests.AllOperationsTest" time="0.033"/>
  <testcase name="testUpsert(TestCase)[4]" classname="com.archerdb.sdktests.AllOperationsTest" time="0.017"/>
  <testcase name="testQueryPolygon(TestCase)[1]" classname="com.archerdb.sdktests.AllOperationsTest" time="0.055"/>
  <testcase name="testQueryPolygon(TestCase)[2]" classname="com.archerdb.sdktests.AllOperationsTest" time="0.049"/>
  <testcase name="testQueryPolygon(TestCase)[3]" classname="com.archerdb.sdktests.AllOperationsTest" time="0.045"/>
  <testcase name="testQueryPolygon(TestCase)[4]" classname="com.archerdb.sdktests.AllOperationsTest" time="0.051"/>
  <testcase name="testQueryPolygon(TestCase)[5]" classname="com.archerdb.sdktests.AllOperationsTest" time="0.042"/>
  <testcase name="testQueryPolygon(TestCase)[6]" classname="com.archerdb.sdktests.AllOperationsTest" time="0.046"/>
  <testcase name="testQueryPolygon(TestCase)[7]" classname="com.archerdb.sdktests.AllOperationsTest" time="0.035"/>
  <testcase name="testQueryPolygon(TestCase)[8]" classname="com.archerdb.sdktests.AllOperationsTest" time="0.036"/>
  <testcase name="testQueryPolygon(TestCase)[9]" classname="com.archerdb.sdktests.AllOperationsTest" time="0.065"/>
</testsuite>